#
# There is insufficient memory for the Java Runtime Environment to continue.
# Native memory allocation (malloc) failed to allocate 1048576 bytes. Error detail: AllocateHeap
# Possible reasons:
#   The system is out of physical RAM or swap space
#   This process is running with CompressedOops enabled, and the Java Heap may be blocking the growth of the native heap
# Possible solutions:
#   Reduce memory load on the system
#   Increase physical memory or swap space
#   Check if swap backing store is full
#   Decrease Java heap size (-Xmx/-Xms)
#   Decrease number of Java threads
#   Decrease Java thread stack sizes (-Xss)
#   Set larger code cache with -XX:ReservedCodeCacheSize=
#   JVM is running with Unscaled Compressed Oops mode in which the Java heap is
#     placed in the first 4GB address space. The Java Heap base address is the
#     maximum limit for the native heap growth. Please use -XX:HeapBaseMinAddress
#     to set the Java Heap base and to place the Java Heap above 4GB virtual address.
# This output file may be truncated or incomplete.
#
#  Out of Memory Error (allocation.cpp:44), pid=13404, tid=19440
#
# JRE version: OpenJDK Runtime Environment JBR-21.0.7+9-895.130-jcef (21.0.7+9) (build 21.0.7+9-b895.130)
# Java VM: OpenJDK 64-Bit Server VM JBR-21.0.7+9-895.130-jcef (21.0.7+9-b895.130, mixed mode, sharing, tiered, compressed oops, compressed class ptrs, g1 gc, windows-amd64)
# No core dump will be written. Minidumps are not enabled by default on client versions of Windows
#

---------------  S U M M A R Y ------------

Command Line: -Djava.rmi.server.hostname=127.0.0.1 -Duser.timezone=UTC -Xmx2048m -Xms128m -Djdbc.classpath=C:\Users\forem\AppData\Local\Temp\RemoteDriver.classpath.txt --add-exports=java.desktop/sun.awt=ALL-UNNAMED --add-exports=java.desktop/java.awt.peer=ALL-UNNAMED --add-opens=java.desktop/java.awt=ALL-UNNAMED --add-opens=jdk.unsupported/sun.misc=ALL-UNNAMED --add-opens=java.base/java.nio=ALL-UNNAMED --add-opens=java.base/java.util=ALL-UNNAMED -Dfile.encoding=UTF-8 -Dsun.stdout.encoding=UTF-8 -Dsun.stderr.encoding=UTF-8 com.intellij.database.remote.RemoteJdbcServer com.mysql.cj.jdbc.Driver

Host: AMD Ryzen 5 5600 6-Core Processor              , 12 cores, 31G,  Windows 11 , 64 bit Build 26100 (10.0.26100.5074)
Time: Sat Oct 11 20:01:36 2025 RTZ 4 (s 11 , 64 bit Build 26100 (10.0.26100.5074) elapsed time: 18001.112251 seconds (0d 5h 0m 1s)

---------------  T H R E A D  ---------------

Current thread (0x0000016bb6ea66e0):  VMThread "VM Thread"          [id=19440, stack(0x0000002bdb600000,0x0000002bdb700000) (1024K)]

Stack: [0x0000002bdb600000,0x0000002bdb700000]
Native frames: (J=compiled Java code, j=interpreted, Vv=VM code, C=native code)
V  [jvm.dll+0x6e6049]
V  [jvm.dll+0x8c4343]
V  [jvm.dll+0x8c689e]
V  [jvm.dll+0x8c6f83]
V  [jvm.dll+0x289266]
V  [jvm.dll+0xc0ed7]
V  [jvm.dll+0x354082]
V  [jvm.dll+0x34da1e]
V  [jvm.dll+0x335a89]
V  [jvm.dll+0x379dfa]
V  [jvm.dll+0x8ccd08]
V  [jvm.dll+0x8ce084]
V  [jvm.dll+0x8ce5c0]
V  [jvm.dll+0x8ce853]
V  [jvm.dll+0x86bea8]
V  [jvm.dll+0x6e480d]
C  [ucrtbase.dll+0x37b0]
C  [KERNEL32.DLL+0x2e8d7]
C  [ntdll.dll+0x8d9c]

VM_Operation (0x0000002bdc6feed0): G1CollectFull, mode: safepoint, requested by thread 0x0000016bf873dab0


---------------  P R O C E S S  ---------------

Threads class SMR info:
_java_thread_list=0x0000016bf84d0d00, length=20, elements={
0x0000016b9c3ef200, 0x0000016bb6ec8d10, 0x0000016bb6eca3d0, 0x0000016bb6ecff70,
0x0000016bb6ed0af0, 0x0000016bb6ed3340, 0x0000016bb6ed4900, 0x0000016bb6ed6d60,
0x0000016bb6ed77f0, 0x0000016bf8277f90, 0x0000016bf8282e30, 0x0000016bf8509620,
0x0000016bf86971d0, 0x0000016bf8697830, 0x0000016bf873d450, 0x0000016bf873dab0,
0x0000016bf88ceaa0, 0x0000016bf88b2cc0, 0x0000016bf85787c0, 0x0000016bf8578e50
}

Java Threads: ( => current thread )
  0x0000016b9c3ef200 JavaThread "main"                              [_thread_blocked, id=3812, stack(0x0000002bdaf00000,0x0000002bdb000000) (1024K)]
  0x0000016bb6ec8d10 JavaThread "Reference Handler"          daemon [_thread_blocked, id=11644, stack(0x0000002bdb700000,0x0000002bdb800000) (1024K)]
  0x0000016bb6eca3d0 JavaThread "Finalizer"                  daemon [_thread_blocked, id=21872, stack(0x0000002bdb800000,0x0000002bdb900000) (1024K)]
  0x0000016bb6ecff70 JavaThread "Signal Dispatcher"          daemon [_thread_blocked, id=7772, stack(0x0000002bdb900000,0x0000002bdba00000) (1024K)]
  0x0000016bb6ed0af0 JavaThread "Attach Listener"            daemon [_thread_blocked, id=13688, stack(0x0000002bdba00000,0x0000002bdbb00000) (1024K)]
  0x0000016bb6ed3340 JavaThread "Service Thread"             daemon [_thread_blocked, id=12208, stack(0x0000002bdbb00000,0x0000002bdbc00000) (1024K)]
  0x0000016bb6ed4900 JavaThread "Monitor Deflation Thread"   daemon [_thread_blocked, id=7320, stack(0x0000002bdbc00000,0x0000002bdbd00000) (1024K)]
  0x0000016bb6ed6d60 JavaThread "C2 CompilerThread0"         daemon [_thread_blocked, id=10200, stack(0x0000002bdbd00000,0x0000002bdbe00000) (1024K)]
  0x0000016bb6ed77f0 JavaThread "C1 CompilerThread0"         daemon [_thread_blocked, id=18532, stack(0x0000002bdbe00000,0x0000002bdbf00000) (1024K)]
  0x0000016bf8277f90 JavaThread "Common-Cleaner"             daemon [_thread_blocked, id=21152, stack(0x0000002bdbf00000,0x0000002bdc000000) (1024K)]
  0x0000016bf8282e30 JavaThread "Notification Thread"        daemon [_thread_blocked, id=20260, stack(0x0000002bdc000000,0x0000002bdc100000) (1024K)]
  0x0000016bf8509620 JavaThread "mysql-cj-abandoned-connection-cleanup" daemon [_thread_blocked, id=10624, stack(0x0000002bdc200000,0x0000002bdc300000) (1024K)]
  0x0000016bf86971d0 JavaThread "RMI TCP Accept-59648"       daemon [_thread_in_native, id=15632, stack(0x0000002bdc300000,0x0000002bdc400000) (1024K)]
  0x0000016bf8697830 JavaThread "RMI TCP Accept-0"           daemon [_thread_in_native, id=3272, stack(0x0000002bdc400000,0x0000002bdc500000) (1024K)]
  0x0000016bf873d450 JavaThread "RMI Reaper"                        [_thread_blocked, id=4740, stack(0x0000002bdc500000,0x0000002bdc600000) (1024K)]
  0x0000016bf873dab0 JavaThread "RMI GC Daemon"              daemon [_thread_blocked, id=11672, stack(0x0000002bdc600000,0x0000002bdc700000) (1024K)]
  0x0000016bf88ceaa0 JavaThread "RMI TCP Connection(1)-127.0.0.1" daemon [_thread_in_native, id=8524, stack(0x0000002bdc700000,0x0000002bdc800000) (1024K)]
  0x0000016bf88b2cc0 JavaThread "RMI Scheduler(0)"           daemon [_thread_blocked, id=13992, stack(0x0000002bdc900000,0x0000002bdca00000) (1024K)]
  0x0000016bf85787c0 JavaThread "RMI TCP Connection(4)-127.0.0.1" daemon [_thread_in_native, id=21392, stack(0x0000002bdcb00000,0x0000002bdcc00000) (1024K)]
  0x0000016bf8578e50 JavaThread "RMI RenewClean-[127.0.0.1:57562]" daemon [_thread_blocked, id=13348, stack(0x0000002bdcc00000,0x0000002bdcd00000) (1024K)]
Total: 20

Other Threads:
=>0x0000016bb6ea66e0 VMThread "VM Thread"                           [id=19440, stack(0x0000002bdb600000,0x0000002bdb700000) (1024K)]
  0x0000016bb6e94110 WatcherThread "VM Periodic Task Thread"        [id=9268, stack(0x0000002bdb500000,0x0000002bdb600000) (1024K)]
  0x0000016b9c444320 WorkerThread "GC Thread#0"                     [id=17368, stack(0x0000002bdb000000,0x0000002bdb100000) (1024K)]
  0x0000016bf8a5b1f0 WorkerThread "GC Thread#1"                     [id=11276, stack(0x0000002bdcd00000,0x0000002bdce00000) (1024K)]
  0x0000016bf8a5b590 WorkerThread "GC Thread#2"                     [id=4708, stack(0x0000002bdce00000,0x0000002bdcf00000) (1024K)]
  0x0000016bf8a59c30 WorkerThread "GC Thread#3"                     [id=14240, stack(0x0000002bdcf00000,0x0000002bdd000000) (1024K)]
  0x0000016bf8a59fd0 WorkerThread "GC Thread#4"                     [id=22072, stack(0x0000002bdd000000,0x0000002bdd100000) (1024K)]
  0x0000016bf8a5a710 WorkerThread "GC Thread#5"                     [id=4600, stack(0x0000002bdd100000,0x0000002bdd200000) (1024K)]
  0x0000016bf8a5a370 WorkerThread "GC Thread#6"                     [id=13132, stack(0x0000002bdd200000,0x0000002bdd300000) (1024K)]
  0x0000016bf8a5aab0 WorkerThread "GC Thread#7"                     [id=16664, stack(0x0000002bdd300000,0x0000002bdd400000) (1024K)]
  0x0000016bf8a5ae50 WorkerThread "GC Thread#8"                     [id=22356, stack(0x0000002bdd400000,0x0000002bdd500000) (1024K)]
  0x0000016bf8ac38e0 WorkerThread "GC Thread#9"                     [id=10464, stack(0x0000002bdd500000,0x0000002bdd600000) (1024K)]
  0x0000016b9c496010 ConcurrentGCThread "G1 Main Marker"            [id=2092, stack(0x0000002bdb100000,0x0000002bdb200000) (1024K)]
  0x0000016b9c4971c0 WorkerThread "G1 Conc#0"                       [id=6812, stack(0x0000002bdb200000,0x0000002bdb300000) (1024K)]
  0x0000016bb6d57e30 ConcurrentGCThread "G1 Refine#0"               [id=5892, stack(0x0000002bdb300000,0x0000002bdb400000) (1024K)]
  0x0000016bb6d587b0 ConcurrentGCThread "G1 Service"                [id=8312, stack(0x0000002bdb400000,0x0000002bdb500000) (1024K)]
Total: 16

Threads with active compile tasks:
Total: 0

VM state: at safepoint (normal execution)

VM Mutex/Monitor currently owned by a thread:  ([mutex/lock_event])
[0x00007ff9a579f9b8] Threads_lock - owner thread: 0x0000016bb6ea66e0
[0x00007ff9a579fab8] Heap_lock - owner thread: 0x0000016bf873dab0

Heap address: 0x0000000080000000, size: 2048 MB, Compressed Oops mode: 32-bit

CDS archive(s) mapped at: [0x0000016bb7000000-0x0000016bb7d10000-0x0000016bb7d10000), size 13697024, SharedBaseAddress: 0x0000016bb7000000, ArchiveRelocationMode: 1.
Compressed class space mapped at: 0x0000016bb8000000-0x0000016bf8000000, reserved size: 1073741824
Narrow klass base: 0x0000016bb7000000, Narrow klass shift: 0, Narrow klass range: 0x100000000

GC Precious Log:
 CardTable entry size: 512
 Card Set container configuration: InlinePtr #cards 5 size 8 Array Of Cards #cards 12 size 40 Howl #buckets 4 coarsen threshold 1843 Howl Bitmap #cards 512 size 80 coarsen threshold 460 Card regions per heap region 1 cards per card region 2048
 CPUs: 12 total, 12 available
 Memory: 32692M
 Large Page Support: Disabled
 NUMA Support: Disabled
 Compressed Oops: Enabled (32-bit)
 Heap Region Size: 1M
 Heap Min Capacity: 128M
 Heap Initial Capacity: 128M
 Heap Max Capacity: 2G
 Pre-touch: Disabled
 Parallel Workers: 10
 Concurrent Workers: 3
 Concurrent Refinement Workers: 10
 Periodic GC: Disabled

Heap:
 garbage-first heap   total 131072K, used 54545K [0x0000000080000000, 0x0000000100000000)
  region size 1024K, 43 young (44032K), 0 survivors (0K)
 Metaspace       used 18592K, committed 19200K, reserved 1114112K
  class space    used 1984K, committed 2240K, reserved 1048576K

Heap Regions: E=young(eden), S=young(survivor), O=old, HS=humongous(starts), HC=humongous(continues), CS=collection set, F=free, TAMS=top-at-mark-start, PB=parsable bottom
|   0|0x0000000080000000, 0x0000000080100000, 0x0000000080100000|100%|HS|  |TAMS 0x0000000080000000| PB 0x0000000080000000| Untracked 
|   1|0x0000000080100000, 0x0000000080200000, 0x0000000080200000|100%|HC|  |TAMS 0x0000000080100000| PB 0x0000000080100000| Untracked 
|   2|0x0000000080200000, 0x0000000080300000, 0x0000000080300000|100%|HS|  |TAMS 0x0000000080200000| PB 0x0000000080200000| Untracked 
|   3|0x0000000080300000, 0x0000000080400000, 0x0000000080400000|100%|HS|  |TAMS 0x0000000080300000| PB 0x0000000080300000| Untracked 
|   4|0x0000000080400000, 0x0000000080500000, 0x0000000080500000|100%| O|  |TAMS 0x0000000080400000| PB 0x0000000080400000| Untracked 
|   5|0x0000000080500000, 0x00000000805fffd8, 0x0000000080600000| 99%| O|  |TAMS 0x0000000080500000| PB 0x0000000080500000| Untracked 
|   6|0x0000000080600000, 0x00000000806fffe8, 0x0000000080700000| 99%| O|  |TAMS 0x0000000080600000| PB 0x0000000080600000| Untracked 
|   7|0x0000000080700000, 0x00000000807fffe0, 0x0000000080800000| 99%| O|  |TAMS 0x0000000080700000| PB 0x0000000080700000| Untracked 
|   8|0x0000000080800000, 0x00000000808ffc78, 0x0000000080900000| 99%| O|  |TAMS 0x0000000080800000| PB 0x0000000080800000| Untracked 
|   9|0x0000000080900000, 0x00000000809a0928, 0x0000000080a00000| 62%| O|  |TAMS 0x0000000080900000| PB 0x0000000080900000| Untracked 
|  10|0x0000000080a00000, 0x0000000080ab3b68, 0x0000000080b00000| 70%| O|  |TAMS 0x0000000080a00000| PB 0x0000000080a00000| Untracked 
|  11|0x0000000080b00000, 0x0000000080bf0708, 0x0000000080c00000| 93%| O|  |TAMS 0x0000000080b00000| PB 0x0000000080b00000| Untracked 
|  12|0x0000000080c00000, 0x0000000080c00000, 0x0000000080d00000|  0%| F|  |TAMS 0x0000000080c00000| PB 0x0000000080c00000| Untracked 
|  13|0x0000000080d00000, 0x0000000080d00000, 0x0000000080e00000|  0%| F|  |TAMS 0x0000000080d00000| PB 0x0000000080d00000| Untracked 
|  14|0x0000000080e00000, 0x0000000080e00000, 0x0000000080f00000|  0%| F|  |TAMS 0x0000000080e00000| PB 0x0000000080e00000| Untracked 
|  15|0x0000000080f00000, 0x0000000080f00000, 0x0000000081000000|  0%| F|  |TAMS 0x0000000080f00000| PB 0x0000000080f00000| Untracked 
|  16|0x0000000081000000, 0x0000000081000000, 0x0000000081100000|  0%| F|  |TAMS 0x0000000081000000| PB 0x0000000081000000| Untracked 
|  17|0x0000000081100000, 0x0000000081100000, 0x0000000081200000|  0%| F|  |TAMS 0x0000000081100000| PB 0x0000000081100000| Untracked 
|  18|0x0000000081200000, 0x0000000081200000, 0x0000000081300000|  0%| F|  |TAMS 0x0000000081200000| PB 0x0000000081200000| Untracked 
|  19|0x0000000081300000, 0x0000000081300000, 0x0000000081400000|  0%| F|  |TAMS 0x0000000081300000| PB 0x0000000081300000| Untracked 
|  20|0x0000000081400000, 0x0000000081400000, 0x0000000081500000|  0%| F|  |TAMS 0x0000000081400000| PB 0x0000000081400000| Untracked 
|  21|0x0000000081500000, 0x0000000081500000, 0x0000000081600000|  0%| F|  |TAMS 0x0000000081500000| PB 0x0000000081500000| Untracked 
|  22|0x0000000081600000, 0x0000000081600000, 0x0000000081700000|  0%| F|  |TAMS 0x0000000081600000| PB 0x0000000081600000| Untracked 
|  23|0x0000000081700000, 0x0000000081700000, 0x0000000081800000|  0%| F|  |TAMS 0x0000000081700000| PB 0x0000000081700000| Untracked 
|  24|0x0000000081800000, 0x0000000081800000, 0x0000000081900000|  0%| F|  |TAMS 0x0000000081800000| PB 0x0000000081800000| Untracked 
|  25|0x0000000081900000, 0x0000000081900000, 0x0000000081a00000|  0%| F|  |TAMS 0x0000000081900000| PB 0x0000000081900000| Untracked 
|  26|0x0000000081a00000, 0x0000000081a00000, 0x0000000081b00000|  0%| F|  |TAMS 0x0000000081a00000| PB 0x0000000081a00000| Untracked 
|  27|0x0000000081b00000, 0x0000000081b00000, 0x0000000081c00000|  0%| F|  |TAMS 0x0000000081b00000| PB 0x0000000081b00000| Untracked 
|  28|0x0000000081c00000, 0x0000000081c00000, 0x0000000081d00000|  0%| F|  |TAMS 0x0000000081c00000| PB 0x0000000081c00000| Untracked 
|  29|0x0000000081d00000, 0x0000000081d00000, 0x0000000081e00000|  0%| F|  |TAMS 0x0000000081d00000| PB 0x0000000081d00000| Untracked 
|  30|0x0000000081e00000, 0x0000000081e00000, 0x0000000081f00000|  0%| F|  |TAMS 0x0000000081e00000| PB 0x0000000081e00000| Untracked 
|  31|0x0000000081f00000, 0x0000000081f00000, 0x0000000082000000|  0%| F|  |TAMS 0x0000000081f00000| PB 0x0000000081f00000| Untracked 
|  32|0x0000000082000000, 0x0000000082000000, 0x0000000082100000|  0%| F|  |TAMS 0x0000000082000000| PB 0x0000000082000000| Untracked 
|  33|0x0000000082100000, 0x0000000082100000, 0x0000000082200000|  0%| F|  |TAMS 0x0000000082100000| PB 0x0000000082100000| Untracked 
|  34|0x0000000082200000, 0x0000000082200000, 0x0000000082300000|  0%| F|  |TAMS 0x0000000082200000| PB 0x0000000082200000| Untracked 
|  35|0x0000000082300000, 0x0000000082300000, 0x0000000082400000|  0%| F|  |TAMS 0x0000000082300000| PB 0x0000000082300000| Untracked 
|  36|0x0000000082400000, 0x0000000082400000, 0x0000000082500000|  0%| F|  |TAMS 0x0000000082400000| PB 0x0000000082400000| Untracked 
|  37|0x0000000082500000, 0x0000000082500000, 0x0000000082600000|  0%| F|  |TAMS 0x0000000082500000| PB 0x0000000082500000| Untracked 
|  38|0x0000000082600000, 0x0000000082600000, 0x0000000082700000|  0%| F|  |TAMS 0x0000000082600000| PB 0x0000000082600000| Untracked 
|  39|0x0000000082700000, 0x0000000082700000, 0x0000000082800000|  0%| F|  |TAMS 0x0000000082700000| PB 0x0000000082700000| Untracked 
|  40|0x0000000082800000, 0x0000000082800000, 0x0000000082900000|  0%| F|  |TAMS 0x0000000082800000| PB 0x0000000082800000| Untracked 
|  41|0x0000000082900000, 0x0000000082900000, 0x0000000082a00000|  0%| F|  |TAMS 0x0000000082900000| PB 0x0000000082900000| Untracked 
|  42|0x0000000082a00000, 0x0000000082a00000, 0x0000000082b00000|  0%| F|  |TAMS 0x0000000082a00000| PB 0x0000000082a00000| Untracked 
|  43|0x0000000082b00000, 0x0000000082b00000, 0x0000000082c00000|  0%| F|  |TAMS 0x0000000082b00000| PB 0x0000000082b00000| Untracked 
|  44|0x0000000082c00000, 0x0000000082c00000, 0x0000000082d00000|  0%| F|  |TAMS 0x0000000082c00000| PB 0x0000000082c00000| Untracked 
|  45|0x0000000082d00000, 0x0000000082d00000, 0x0000000082e00000|  0%| F|  |TAMS 0x0000000082d00000| PB 0x0000000082d00000| Untracked 
|  46|0x0000000082e00000, 0x0000000082e00000, 0x0000000082f00000|  0%| F|  |TAMS 0x0000000082e00000| PB 0x0000000082e00000| Untracked 
|  47|0x0000000082f00000, 0x0000000082f00000, 0x0000000083000000|  0%| F|  |TAMS 0x0000000082f00000| PB 0x0000000082f00000| Untracked 
|  48|0x0000000083000000, 0x0000000083000000, 0x0000000083100000|  0%| F|  |TAMS 0x0000000083000000| PB 0x0000000083000000| Untracked 
|  49|0x0000000083100000, 0x0000000083100000, 0x0000000083200000|  0%| F|  |TAMS 0x0000000083100000| PB 0x0000000083100000| Untracked 
|  50|0x0000000083200000, 0x0000000083200000, 0x0000000083300000|  0%| F|  |TAMS 0x0000000083200000| PB 0x0000000083200000| Untracked 
|  51|0x0000000083300000, 0x0000000083300000, 0x0000000083400000|  0%| F|  |TAMS 0x0000000083300000| PB 0x0000000083300000| Untracked 
|  52|0x0000000083400000, 0x0000000083400000, 0x0000000083500000|  0%| F|  |TAMS 0x0000000083400000| PB 0x0000000083400000| Untracked 
|  53|0x0000000083500000, 0x0000000083500000, 0x0000000083600000|  0%| F|  |TAMS 0x0000000083500000| PB 0x0000000083500000| Untracked 
|  54|0x0000000083600000, 0x0000000083600000, 0x0000000083700000|  0%| F|  |TAMS 0x0000000083600000| PB 0x0000000083600000| Untracked 
|  55|0x0000000083700000, 0x0000000083700000, 0x0000000083800000|  0%| F|  |TAMS 0x0000000083700000| PB 0x0000000083700000| Untracked 
|  56|0x0000000083800000, 0x0000000083800000, 0x0000000083900000|  0%| F|  |TAMS 0x0000000083800000| PB 0x0000000083800000| Untracked 
|  57|0x0000000083900000, 0x0000000083900000, 0x0000000083a00000|  0%| F|  |TAMS 0x0000000083900000| PB 0x0000000083900000| Untracked 
|  58|0x0000000083a00000, 0x0000000083a00000, 0x0000000083b00000|  0%| F|  |TAMS 0x0000000083a00000| PB 0x0000000083a00000| Untracked 
|  59|0x0000000083b00000, 0x0000000083b00000, 0x0000000083c00000|  0%| F|  |TAMS 0x0000000083b00000| PB 0x0000000083b00000| Untracked 
|  60|0x0000000083c00000, 0x0000000083c00000, 0x0000000083d00000|  0%| F|  |TAMS 0x0000000083c00000| PB 0x0000000083c00000| Untracked 
|  61|0x0000000083d00000, 0x0000000083d00000, 0x0000000083e00000|  0%| F|  |TAMS 0x0000000083d00000| PB 0x0000000083d00000| Untracked 
|  62|0x0000000083e00000, 0x0000000083e00000, 0x0000000083f00000|  0%| F|  |TAMS 0x0000000083e00000| PB 0x0000000083e00000| Untracked 
|  63|0x0000000083f00000, 0x0000000083f00000, 0x0000000084000000|  0%| F|  |TAMS 0x0000000083f00000| PB 0x0000000083f00000| Untracked 
|  64|0x0000000084000000, 0x0000000084000000, 0x0000000084100000|  0%| F|  |TAMS 0x0000000084000000| PB 0x0000000084000000| Untracked 
|  65|0x0000000084100000, 0x0000000084100000, 0x0000000084200000|  0%| F|  |TAMS 0x0000000084100000| PB 0x0000000084100000| Untracked 
|  66|0x0000000084200000, 0x0000000084200000, 0x0000000084300000|  0%| F|  |TAMS 0x0000000084200000| PB 0x0000000084200000| Untracked 
|  67|0x0000000084300000, 0x0000000084300000, 0x0000000084400000|  0%| F|  |TAMS 0x0000000084300000| PB 0x0000000084300000| Untracked 
|  68|0x0000000084400000, 0x0000000084400000, 0x0000000084500000|  0%| F|  |TAMS 0x0000000084400000| PB 0x0000000084400000| Untracked 
|  69|0x0000000084500000, 0x0000000084500000, 0x0000000084600000|  0%| F|  |TAMS 0x0000000084500000| PB 0x0000000084500000| Untracked 
|  70|0x0000000084600000, 0x0000000084600000, 0x0000000084700000|  0%| F|  |TAMS 0x0000000084600000| PB 0x0000000084600000| Untracked 
|  71|0x0000000084700000, 0x0000000084700000, 0x0000000084800000|  0%| F|  |TAMS 0x0000000084700000| PB 0x0000000084700000| Untracked 
|  72|0x0000000084800000, 0x0000000084800000, 0x0000000084900000|  0%| F|  |TAMS 0x0000000084800000| PB 0x0000000084800000| Untracked 
|  73|0x0000000084900000, 0x0000000084900000, 0x0000000084a00000|  0%| F|  |TAMS 0x0000000084900000| PB 0x0000000084900000| Untracked 
|  74|0x0000000084a00000, 0x0000000084a00000, 0x0000000084b00000|  0%| F|  |TAMS 0x0000000084a00000| PB 0x0000000084a00000| Untracked 
|  75|0x0000000084b00000, 0x0000000084b00000, 0x0000000084c00000|  0%| F|  |TAMS 0x0000000084b00000| PB 0x0000000084b00000| Untracked 
|  76|0x0000000084c00000, 0x0000000084c00000, 0x0000000084d00000|  0%| F|  |TAMS 0x0000000084c00000| PB 0x0000000084c00000| Untracked 
|  77|0x0000000084d00000, 0x0000000084d00000, 0x0000000084e00000|  0%| F|  |TAMS 0x0000000084d00000| PB 0x0000000084d00000| Untracked 
|  78|0x0000000084e00000, 0x0000000084e00000, 0x0000000084f00000|  0%| F|  |TAMS 0x0000000084e00000| PB 0x0000000084e00000| Untracked 
|  79|0x0000000084f00000, 0x0000000084f00000, 0x0000000085000000|  0%| F|  |TAMS 0x0000000084f00000| PB 0x0000000084f00000| Untracked 
|  80|0x0000000085000000, 0x0000000085000000, 0x0000000085100000|  0%| F|  |TAMS 0x0000000085000000| PB 0x0000000085000000| Untracked 
|  81|0x0000000085100000, 0x0000000085100000, 0x0000000085200000|  0%| F|  |TAMS 0x0000000085100000| PB 0x0000000085100000| Untracked 
|  82|0x0000000085200000, 0x0000000085200000, 0x0000000085300000|  0%| F|  |TAMS 0x0000000085200000| PB 0x0000000085200000| Untracked 
|  83|0x0000000085300000, 0x0000000085300000, 0x0000000085400000|  0%| F|  |TAMS 0x0000000085300000| PB 0x0000000085300000| Untracked 
|  84|0x0000000085400000, 0x0000000085400000, 0x0000000085500000|  0%| F|  |TAMS 0x0000000085400000| PB 0x0000000085400000| Untracked 
|  85|0x0000000085500000, 0x0000000085580000, 0x0000000085600000| 50%| E|  |TAMS 0x0000000085500000| PB 0x0000000085500000| Complete 
|  86|0x0000000085600000, 0x0000000085700000, 0x0000000085700000|100%| E|CS|TAMS 0x0000000085600000| PB 0x0000000085600000| Complete 
|  87|0x0000000085700000, 0x0000000085800000, 0x0000000085800000|100%| E|CS|TAMS 0x0000000085700000| PB 0x0000000085700000| Complete 
|  88|0x0000000085800000, 0x0000000085900000, 0x0000000085900000|100%| E|CS|TAMS 0x0000000085800000| PB 0x0000000085800000| Complete 
|  89|0x0000000085900000, 0x0000000085a00000, 0x0000000085a00000|100%| E|CS|TAMS 0x0000000085900000| PB 0x0000000085900000| Complete 
|  90|0x0000000085a00000, 0x0000000085b00000, 0x0000000085b00000|100%| E|CS|TAMS 0x0000000085a00000| PB 0x0000000085a00000| Complete 
|  91|0x0000000085b00000, 0x0000000085c00000, 0x0000000085c00000|100%| E|CS|TAMS 0x0000000085b00000| PB 0x0000000085b00000| Complete 
|  92|0x0000000085c00000, 0x0000000085d00000, 0x0000000085d00000|100%| E|CS|TAMS 0x0000000085c00000| PB 0x0000000085c00000| Complete 
|  93|0x0000000085d00000, 0x0000000085e00000, 0x0000000085e00000|100%| E|CS|TAMS 0x0000000085d00000| PB 0x0000000085d00000| Complete 
|  94|0x0000000085e00000, 0x0000000085f00000, 0x0000000085f00000|100%| E|CS|TAMS 0x0000000085e00000| PB 0x0000000085e00000| Complete 
|  95|0x0000000085f00000, 0x0000000086000000, 0x0000000086000000|100%| E|CS|TAMS 0x0000000085f00000| PB 0x0000000085f00000| Complete 
|  96|0x0000000086000000, 0x0000000086100000, 0x0000000086100000|100%| E|CS|TAMS 0x0000000086000000| PB 0x0000000086000000| Complete 
|  97|0x0000000086100000, 0x0000000086200000, 0x0000000086200000|100%| E|CS|TAMS 0x0000000086100000| PB 0x0000000086100000| Complete 
|  98|0x0000000086200000, 0x0000000086300000, 0x0000000086300000|100%| E|CS|TAMS 0x0000000086200000| PB 0x0000000086200000| Complete 
|  99|0x0000000086300000, 0x0000000086400000, 0x0000000086400000|100%| E|CS|TAMS 0x0000000086300000| PB 0x0000000086300000| Complete 
| 100|0x0000000086400000, 0x0000000086500000, 0x0000000086500000|100%| E|CS|TAMS 0x0000000086400000| PB 0x0000000086400000| Complete 
| 101|0x0000000086500000, 0x0000000086600000, 0x0000000086600000|100%| E|CS|TAMS 0x0000000086500000| PB 0x0000000086500000| Complete 
| 102|0x0000000086600000, 0x0000000086700000, 0x0000000086700000|100%| E|CS|TAMS 0x0000000086600000| PB 0x0000000086600000| Complete 
| 103|0x0000000086700000, 0x0000000086800000, 0x0000000086800000|100%| E|CS|TAMS 0x0000000086700000| PB 0x0000000086700000| Complete 
| 104|0x0000000086800000, 0x0000000086900000, 0x0000000086900000|100%| E|CS|TAMS 0x0000000086800000| PB 0x0000000086800000| Complete 
| 105|0x0000000086900000, 0x0000000086a00000, 0x0000000086a00000|100%| E|CS|TAMS 0x0000000086900000| PB 0x0000000086900000| Complete 
| 106|0x0000000086a00000, 0x0000000086b00000, 0x0000000086b00000|100%| E|CS|TAMS 0x0000000086a00000| PB 0x0000000086a00000| Complete 
| 107|0x0000000086b00000, 0x0000000086c00000, 0x0000000086c00000|100%| E|CS|TAMS 0x0000000086b00000| PB 0x0000000086b00000| Complete 
| 108|0x0000000086c00000, 0x0000000086d00000, 0x0000000086d00000|100%| E|CS|TAMS 0x0000000086c00000| PB 0x0000000086c00000| Complete 
| 109|0x0000000086d00000, 0x0000000086e00000, 0x0000000086e00000|100%| E|CS|TAMS 0x0000000086d00000| PB 0x0000000086d00000| Complete 
| 110|0x0000000086e00000, 0x0000000086f00000, 0x0000000086f00000|100%| E|CS|TAMS 0x0000000086e00000| PB 0x0000000086e00000| Complete 
| 111|0x0000000086f00000, 0x0000000087000000, 0x0000000087000000|100%| E|CS|TAMS 0x0000000086f00000| PB 0x0000000086f00000| Complete 
| 112|0x0000000087000000, 0x0000000087100000, 0x0000000087100000|100%| E|CS|TAMS 0x0000000087000000| PB 0x0000000087000000| Complete 
| 113|0x0000000087100000, 0x0000000087200000, 0x0000000087200000|100%| E|CS|TAMS 0x0000000087100000| PB 0x0000000087100000| Complete 
| 114|0x0000000087200000, 0x0000000087300000, 0x0000000087300000|100%| E|CS|TAMS 0x0000000087200000| PB 0x0000000087200000| Complete 
| 115|0x0000000087300000, 0x0000000087400000, 0x0000000087400000|100%| E|CS|TAMS 0x0000000087300000| PB 0x0000000087300000| Complete 
| 116|0x0000000087400000, 0x0000000087500000, 0x0000000087500000|100%| E|CS|TAMS 0x0000000087400000| PB 0x0000000087400000| Complete 
| 117|0x0000000087500000, 0x0000000087600000, 0x0000000087600000|100%| E|CS|TAMS 0x0000000087500000| PB 0x0000000087500000| Complete 
| 118|0x0000000087600000, 0x0000000087700000, 0x0000000087700000|100%| E|CS|TAMS 0x0000000087600000| PB 0x0000000087600000| Complete 
| 119|0x0000000087700000, 0x0000000087800000, 0x0000000087800000|100%| E|CS|TAMS 0x0000000087700000| PB 0x0000000087700000| Complete 
| 120|0x0000000087800000, 0x0000000087900000, 0x0000000087900000|100%| E|CS|TAMS 0x0000000087800000| PB 0x0000000087800000| Complete 
| 121|0x0000000087900000, 0x0000000087a00000, 0x0000000087a00000|100%| E|CS|TAMS 0x0000000087900000| PB 0x0000000087900000| Complete 
| 122|0x0000000087a00000, 0x0000000087b00000, 0x0000000087b00000|100%| E|CS|TAMS 0x0000000087a00000| PB 0x0000000087a00000| Complete 
| 123|0x0000000087b00000, 0x0000000087c00000, 0x0000000087c00000|100%| E|CS|TAMS 0x0000000087b00000| PB 0x0000000087b00000| Complete 
| 124|0x0000000087c00000, 0x0000000087d00000, 0x0000000087d00000|100%| E|CS|TAMS 0x0000000087c00000| PB 0x0000000087c00000| Complete 
| 125|0x0000000087d00000, 0x0000000087e00000, 0x0000000087e00000|100%| E|CS|TAMS 0x0000000087d00000| PB 0x0000000087d00000| Complete 
| 126|0x0000000087e00000, 0x0000000087f00000, 0x0000000087f00000|100%| E|CS|TAMS 0x0000000087e00000| PB 0x0000000087e00000| Complete 
| 127|0x0000000087f00000, 0x0000000088000000, 0x0000000088000000|100%| E|CS|TAMS 0x0000000087f00000| PB 0x0000000087f00000| Complete 

Card table byte_map: [0x0000016bb1dc0000,0x0000016bb21c0000] _byte_map_base: 0x0000016bb19c0000

Marking Bits: (CMBitMap*) 0x0000016b9c444930
 Bits: [0x0000016bb21c0000, 0x0000016bb41c0000)

Polling page: 0x0000016b9c7e0000

Metaspace:

Usage:
  Non-class:     16.22 MB used.
      Class:      1.94 MB used.
       Both:     18.16 MB used.

Virtual space:
  Non-class space:       64.00 MB reserved,      16.56 MB ( 26%) committed,  1 nodes.
      Class space:        1.00 GB reserved,       2.19 MB ( <1%) committed,  1 nodes.
             Both:        1.06 GB reserved,      18.75 MB (  2%) committed. 

Chunk freelists:
   Non-Class:  14.91 MB
       Class:  13.91 MB
        Both:  28.82 MB

MaxMetaspaceSize: unlimited
CompressedClassSpaceSize: 1.00 GB
Initial GC threshold: 21.00 MB
Current GC threshold: 30.88 MB
CDS: on
 - commit_granule_bytes: 65536.
 - commit_granule_words: 8192.
 - virtual_space_node_default_size: 8388608.
 - enlarge_chunks_in_place: 1.
 - use_allocation_guard: 0.


Internal statistics:

num_allocs_failed_limit: 0.
num_arena_births: 708.
num_arena_deaths: 258.
num_vsnodes_births: 2.
num_vsnodes_deaths: 0.
num_space_committed: 300.
num_space_uncommitted: 0.
num_chunks_returned_to_freelist: 361.
num_chunks_taken_from_freelist: 1326.
num_chunk_merges: 85.
num_chunk_splits: 675.
num_chunks_enlarged: 264.
num_inconsistent_stats: 0.

CodeHeap 'non-profiled nmethods': size=120000Kb used=2603Kb max_used=2603Kb free=117396Kb
 bounds [0x0000016ba9810000, 0x0000016ba9aa0000, 0x0000016bb0d40000]
CodeHeap 'profiled nmethods': size=120000Kb used=6539Kb max_used=7605Kb free=113460Kb
 bounds [0x0000016ba1d40000, 0x0000016ba24b0000, 0x0000016ba9270000]
CodeHeap 'non-nmethods': size=5760Kb used=1527Kb max_used=1575Kb free=4232Kb
 bounds [0x0000016ba9270000, 0x0000016ba94e0000, 0x0000016ba9810000]
 total_blobs=4144 nmethods=3549 adapters=498
 compilation: enabled
              stopped_count=0, restarted_count=0
 full_count=0

Compilation events (20 events):
Event: 16916.800 Thread 0x0000016bb6ed77f0 4236       3       com.mysql.cj.protocol.a.result.OkPacket::parse (115 bytes)
Event: 16916.801 Thread 0x0000016bb6ed77f0 nmethod 4236 0x0000016ba1df3190 code [0x0000016ba1df3400, 0x0000016ba1df3b98]
Event: 16916.801 Thread 0x0000016bb6ed77f0 4237       3       com.mysql.cj.protocol.a.result.OkPacket::<init> (45 bytes)
Event: 16916.801 Thread 0x0000016bb6ed77f0 nmethod 4237 0x0000016ba1df2810 code [0x0000016ba1df2a00, 0x0000016ba1df2fe0]
Event: 16975.781 Thread 0x0000016bb6ed77f0 4238       3       java.io.ObjectInputStream$BlockDataInputStream::readBoolean (27 bytes)
Event: 16975.781 Thread 0x0000016bb6ed77f0 nmethod 4238 0x0000016ba1df2210 code [0x0000016ba1df23e0, 0x0000016ba1df2678]
Event: 16998.636 Thread 0x0000016bb6ed6d60 4239       4       java.io.ObjectStreamClass::getLocalDesc (9 bytes)
Event: 16998.636 Thread 0x0000016bb6ed6d60 nmethod 4239 0x0000016ba9a88690 code [0x0000016ba9a88820, 0x0000016ba9a888d0]
Event: 17156.827 Thread 0x0000016bb6ed6d60 4240   !   4       java.io.ObjectStreamClass::readNonProxy (395 bytes)
Event: 17156.931 Thread 0x0000016bb6ed6d60 nmethod 4240 0x0000016ba9a88990 code [0x0000016ba9a89320, 0x0000016ba9a90da0]
Event: 17237.912 Thread 0x0000016bb6ed6d60 4241       4       java.io.ObjectStreamClass::initNonProxy (628 bytes)
Event: 17237.951 Thread 0x0000016bb6ed6d60 nmethod 4241 0x0000016ba9a95e90 code [0x0000016ba9a962a0, 0x0000016ba9a98f00]
Event: 17336.988 Thread 0x0000016bb6ed6d60 4242       4       java.lang.StringLatin1::charAt (15 bytes)
Event: 17336.988 Thread 0x0000016bb6ed6d60 nmethod 4242 0x0000016ba9a9a390 code [0x0000016ba9a9a520, 0x0000016ba9a9a5e8]
Event: 17883.890 Thread 0x0000016bb6ed77f0 4243       3       java.net.URI$Parser::scanByte (46 bytes)
Event: 17883.891 Thread 0x0000016bb6ed77f0 nmethod 4243 0x0000016ba1d7c190 code [0x0000016ba1d7c360, 0x0000016ba1d7c5c8]
Event: 17883.891 Thread 0x0000016bb6ed77f0 4244       1       sun.rmi.transport.tcp.TCPConnection::isReusable (2 bytes)
Event: 17883.891 Thread 0x0000016bb6ed77f0 nmethod 4244 0x0000016ba9a9a710 code [0x0000016ba9a9a8a0, 0x0000016ba9a9a968]
Event: 17883.892 Thread 0x0000016bb6ed77f0 4245       1       sun.rmi.transport.StreamRemoteCall::getConnection (5 bytes)
Event: 17883.892 Thread 0x0000016bb6ed77f0 nmethod 4245 0x0000016ba9a9aa10 code [0x0000016ba9a9aba0, 0x0000016ba9a9ac68]

GC Heap History (15 events):
Event: 0.472 GC heap before
{Heap before GC invocations=0 (full 0):
 garbage-first heap   total 131072K, used 27648K [0x0000000080000000, 0x0000000100000000)
  region size 1024K, 23 young (23552K), 0 survivors (0K)
 Metaspace       used 8015K, committed 8320K, reserved 1114112K
  class space    used 1011K, committed 1152K, reserved 1048576K
}
Event: 0.476 GC heap after
{Heap after GC invocations=1 (full 0):
 garbage-first heap   total 131072K, used 9192K [0x0000000080000000, 0x0000000100000000)
  region size 1024K, 3 young (3072K), 3 survivors (3072K)
 Metaspace       used 8015K, committed 8320K, reserved 1114112K
  class space    used 1011K, committed 1152K, reserved 1048576K
}
Event: 8.081 GC heap before
{Heap before GC invocations=1 (full 0):
 garbage-first heap   total 131072K, used 37864K [0x0000000080000000, 0x0000000100000000)
  region size 1024K, 32 young (32768K), 3 survivors (3072K)
 Metaspace       used 17761K, committed 18240K, reserved 1114112K
  class space    used 2005K, committed 2240K, reserved 1048576K
}
Event: 8.084 GC heap after
{Heap after GC invocations=2 (full 0):
 garbage-first heap   total 131072K, used 13346K [0x0000000080000000, 0x0000000100000000)
  region size 1024K, 4 young (4096K), 4 survivors (4096K)
 Metaspace       used 17761K, committed 18240K, reserved 1114112K
  class space    used 2005K, committed 2240K, reserved 1048576K
}
Event: 3335.006 GC heap before
{Heap before GC invocations=2 (full 0):
 garbage-first heap   total 131072K, used 69666K [0x0000000080000000, 0x0000000100000000)
  region size 1024K, 59 young (60416K), 4 survivors (4096K)
 Metaspace       used 18340K, committed 18816K, reserved 1114112K
  class space    used 2015K, committed 2240K, reserved 1048576K
}
Event: 3335.008 GC heap after
{Heap after GC invocations=3 (full 0):
 garbage-first heap   total 131072K, used 13508K [0x0000000080000000, 0x0000000100000000)
  region size 1024K, 4 young (4096K), 4 survivors (4096K)
 Metaspace       used 18340K, committed 18816K, reserved 1114112K
  class space    used 2015K, committed 2240K, reserved 1048576K
}
Event: 3600.006 GC heap before
{Heap before GC invocations=3 (full 0):
 garbage-first heap   total 131072K, used 36036K [0x0000000080000000, 0x0000000100000000)
  region size 1024K, 27 young (27648K), 4 survivors (4096K)
 Metaspace       used 18468K, committed 18944K, reserved 1114112K
  class space    used 2020K, committed 2240K, reserved 1048576K
}
Event: 3600.017 GC heap after
{Heap after GC invocations=4 (full 1):
 garbage-first heap   total 131072K, used 11814K [0x0000000080000000, 0x0000000100000000)
  region size 1024K, 0 young (0K), 0 survivors (0K)
 Metaspace       used 18236K, committed 18944K, reserved 1114112K
  class space    used 1960K, committed 2240K, reserved 1048576K
}
Event: 7200.029 GC heap before
{Heap before GC invocations=4 (full 1):
 garbage-first heap   total 131072K, used 20006K [0x0000000080000000, 0x0000000100000000)
  region size 1024K, 9 young (9216K), 0 survivors (0K)
 Metaspace       used 18242K, committed 18944K, reserved 1114112K
  class space    used 1960K, committed 2240K, reserved 1048576K
}
Event: 7200.038 GC heap after
{Heap after GC invocations=5 (full 2):
 garbage-first heap   total 131072K, used 11796K [0x0000000080000000, 0x0000000100000000)
  region size 1024K, 0 young (0K), 0 survivors (0K)
 Metaspace       used 18242K, committed 18944K, reserved 1114112K
  class space    used 1960K, committed 2240K, reserved 1048576K
}
Event: 10800.045 GC heap before
{Heap before GC invocations=5 (full 2):
 garbage-first heap   total 131072K, used 17940K [0x0000000080000000, 0x0000000100000000)
  region size 1024K, 7 young (7168K), 0 survivors (0K)
 Metaspace       used 18253K, committed 18944K, reserved 1114112K
  class space    used 1960K, committed 2240K, reserved 1048576K
}
Event: 10800.055 GC heap after
{Heap after GC invocations=6 (full 3):
 garbage-first heap   total 131072K, used 11538K [0x0000000080000000, 0x0000000100000000)
  region size 1024K, 0 young (0K), 0 survivors (0K)
 Metaspace       used 18205K, committed 18944K, reserved 1114112K
  class space    used 1952K, committed 2240K, reserved 1048576K
}
Event: 14400.068 GC heap before
{Heap before GC invocations=6 (full 3):
 garbage-first heap   total 131072K, used 17682K [0x0000000080000000, 0x0000000100000000)
  region size 1024K, 7 young (7168K), 0 survivors (0K)
 Metaspace       used 18206K, committed 18944K, reserved 1114112K
  class space    used 1952K, committed 2240K, reserved 1048576K
}
Event: 14400.076 GC heap after
{Heap after GC invocations=7 (full 4):
 garbage-first heap   total 131072K, used 11537K [0x0000000080000000, 0x0000000100000000)
  region size 1024K, 0 young (0K), 0 survivors (0K)
 Metaspace       used 18206K, committed 18944K, reserved 1114112K
  class space    used 1952K, committed 2240K, reserved 1048576K
}
Event: 18000.081 GC heap before
{Heap before GC invocations=7 (full 4):
 garbage-first heap   total 131072K, used 54545K [0x0000000080000000, 0x0000000100000000)
  region size 1024K, 43 young (44032K), 0 survivors (0K)
 Metaspace       used 18592K, committed 19200K, reserved 1114112K
  class space    used 1984K, committed 2240K, reserved 1048576K
}

Dll operation events (2 events):
Event: 0.005 Loaded shared library D:\PhpStorm 2025.1.2\jbr\bin\java.dll
Event: 0.018 Loaded shared library D:\PhpStorm 2025.1.2\jbr\bin\zip.dll

Deoptimization events (20 events):
Event: 16022.318 Thread 0x0000016bf85787c0 Uncommon trap: trap_request=0xffffffde fr.pc=0x0000016ba99d7c0c relative=0x000000000000044c
Event: 16022.318 Thread 0x0000016bf85787c0 Uncommon trap: reason=class_check action=maybe_recompile pc=0x0000016ba99d7c0c method=java.util.regex.Pattern$BranchConn.match(Ljava/util/regex/Matcher;ILjava/lang/CharSequence;)Z @ 7 c2
Event: 16022.318 Thread 0x0000016bf85787c0 DEOPT PACKING pc=0x0000016ba99d7c0c sp=0x0000002bdcbfd790
Event: 16022.318 Thread 0x0000016bf85787c0 DEOPT UNPACKING pc=0x0000016ba92c46a2 sp=0x0000002bdcbfd748 mode 2
Event: 16022.318 Thread 0x0000016bf85787c0 Uncommon trap: trap_request=0xffffffde fr.pc=0x0000016ba99d7c0c relative=0x000000000000044c
Event: 16022.318 Thread 0x0000016bf85787c0 Uncommon trap: reason=class_check action=maybe_recompile pc=0x0000016ba99d7c0c method=java.util.regex.Pattern$BranchConn.match(Ljava/util/regex/Matcher;ILjava/lang/CharSequence;)Z @ 7 c2
Event: 16022.318 Thread 0x0000016bf85787c0 DEOPT PACKING pc=0x0000016ba99d7c0c sp=0x0000002bdcbfd790
Event: 16022.318 Thread 0x0000016bf85787c0 DEOPT UNPACKING pc=0x0000016ba92c46a2 sp=0x0000002bdcbfd748 mode 2
Event: 16022.318 Thread 0x0000016bf85787c0 Uncommon trap: trap_request=0xffffffde fr.pc=0x0000016ba99d7c0c relative=0x000000000000044c
Event: 16022.318 Thread 0x0000016bf85787c0 Uncommon trap: reason=class_check action=maybe_recompile pc=0x0000016ba99d7c0c method=java.util.regex.Pattern$BranchConn.match(Ljava/util/regex/Matcher;ILjava/lang/CharSequence;)Z @ 7 c2
Event: 16022.318 Thread 0x0000016bf85787c0 DEOPT PACKING pc=0x0000016ba99d7c0c sp=0x0000002bdcbfd790
Event: 16022.318 Thread 0x0000016bf85787c0 DEOPT UNPACKING pc=0x0000016ba92c46a2 sp=0x0000002bdcbfd748 mode 2
Event: 16022.318 Thread 0x0000016bf85787c0 Uncommon trap: trap_request=0xffffffde fr.pc=0x0000016ba99d7c0c relative=0x000000000000044c
Event: 16022.318 Thread 0x0000016bf85787c0 Uncommon trap: reason=class_check action=maybe_recompile pc=0x0000016ba99d7c0c method=java.util.regex.Pattern$BranchConn.match(Ljava/util/regex/Matcher;ILjava/lang/CharSequence;)Z @ 7 c2
Event: 16022.318 Thread 0x0000016bf85787c0 DEOPT PACKING pc=0x0000016ba99d7c0c sp=0x0000002bdcbfd790
Event: 16022.318 Thread 0x0000016bf85787c0 DEOPT UNPACKING pc=0x0000016ba92c46a2 sp=0x0000002bdcbfd748 mode 2
Event: 16022.324 Thread 0x0000016bf85787c0 DEOPT PACKING pc=0x0000016ba208a5b2 sp=0x0000002bdcbfdc20
Event: 16022.324 Thread 0x0000016bf85787c0 DEOPT UNPACKING pc=0x0000016ba92c4e42 sp=0x0000002bdcbfd0a8 mode 0
Event: 16022.326 Thread 0x0000016bf85787c0 DEOPT PACKING pc=0x0000016ba208a5b2 sp=0x0000002bdcbfd7e0
Event: 16022.326 Thread 0x0000016bf85787c0 DEOPT UNPACKING pc=0x0000016ba92c4e42 sp=0x0000002bdcbfcc68 mode 0

Classes loaded (20 events):
Event: 0.992 Loading class java/io/ObjectOutputStream$PutFieldImpl
Event: 0.992 Loading class java/io/ObjectOutputStream$PutField
Event: 0.992 Loading class java/io/ObjectOutputStream$PutField done
Event: 0.992 Loading class java/io/ObjectOutputStream$PutFieldImpl done
Event: 15.418 Loading class java/util/ArrayList$ListItr
Event: 15.418 Loading class java/util/ArrayList$ListItr done
Event: 674.646 Loading class sun/security/ssl/Alert
Event: 674.646 Loading class sun/security/ssl/Alert done
Event: 674.646 Loading class sun/security/ssl/Alert$AlertConsumer
Event: 674.646 Loading class sun/security/ssl/Alert$AlertConsumer done
Event: 674.646 Loading class sun/security/ssl/Alert$Level
Event: 674.646 Loading class sun/security/ssl/Alert$Level done
Event: 1045.818 Loading class java/lang/foreign/MemorySegment
Event: 1045.819 Loading class java/lang/foreign/MemorySegment done
Event: 3334.980 Loading class java/math/BigDecimal$StringBuilderHelper
Event: 3334.980 Loading class java/math/BigDecimal$StringBuilderHelper done
Event: 3334.983 Loading class java/math/BigDecimal$UnsafeHolder
Event: 3334.983 Loading class java/math/BigDecimal$UnsafeHolder done
Event: 3335.008 Loading class sun/rmi/transport/DGCClient$EndpointEntry$CleanRequest
Event: 3335.008 Loading class sun/rmi/transport/DGCClient$EndpointEntry$CleanRequest done

Classes unloaded (20 events):
Event: 3600.009 Thread 0x0000016bb6ea66e0 Unloading class 0x0000016bb8083400 'java/lang/invoke/LambdaForm$MH+0x0000016bb8083400'
Event: 3600.009 Thread 0x0000016bb6ea66e0 Unloading class 0x0000016bb8083000 'java/lang/invoke/LambdaForm$MH+0x0000016bb8083000'
Event: 3600.009 Thread 0x0000016bb6ea66e0 Unloading class 0x0000016bb8081000 'java/lang/invoke/LambdaForm$MH+0x0000016bb8081000'
Event: 3600.009 Thread 0x0000016bb6ea66e0 Unloading class 0x0000016bb8080000 'java/lang/invoke/LambdaForm$DMH+0x0000016bb8080000'
Event: 3600.009 Thread 0x0000016bb6ea66e0 Unloading class 0x0000016bb8004400 'java/lang/invoke/LambdaForm$MH+0x0000016bb8004400'
Event: 10800.048 Thread 0x0000016bb6ea66e0 Unloading class 0x0000016bb8222800 'java/lang/invoke/LambdaForm$MH+0x0000016bb8222800'
Event: 10800.048 Thread 0x0000016bb6ea66e0 Unloading class 0x0000016bb8222400 'jdk/internal/reflect/GeneratedSerializationConstructorAccessor35'
Event: 10800.048 Thread 0x0000016bb6ea66e0 Unloading class 0x0000016bb8222000 'jdk/internal/reflect/GeneratedSerializationConstructorAccessor34'
Event: 10800.048 Thread 0x0000016bb6ea66e0 Unloading class 0x0000016bb8221400 'java/lang/invoke/LambdaForm$MH+0x0000016bb8221400'
Event: 10800.048 Thread 0x0000016bb6ea66e0 Unloading class 0x0000016bb8220c00 'java/lang/invoke/LambdaForm$MH+0x0000016bb8220c00'
Event: 10800.048 Thread 0x0000016bb6ea66e0 Unloading class 0x0000016bb8220800 'jdk/internal/reflect/GeneratedSerializationConstructorAccessor32'
Event: 10800.048 Thread 0x0000016bb6ea66e0 Unloading class 0x0000016bb8220400 'jdk/internal/reflect/GeneratedSerializationConstructorAccessor31'
Event: 10800.048 Thread 0x0000016bb6ea66e0 Unloading class 0x0000016bb8220000 'jdk/internal/reflect/GeneratedSerializationConstructorAccessor30'
Event: 10800.048 Thread 0x0000016bb6ea66e0 Unloading class 0x0000016bb821d400 'jdk/internal/reflect/GeneratedSerializationConstructorAccessor29'
Event: 10800.048 Thread 0x0000016bb6ea66e0 Unloading class 0x0000016bb821ac00 'jdk/internal/reflect/GeneratedSerializationConstructorAccessor28'
Event: 10800.048 Thread 0x0000016bb6ea66e0 Unloading class 0x0000016bb821a800 'jdk/internal/reflect/GeneratedSerializationConstructorAccessor27'
Event: 10800.048 Thread 0x0000016bb6ea66e0 Unloading class 0x0000016bb8219000 'jdk/internal/reflect/GeneratedSerializationConstructorAccessor26'
Event: 10800.048 Thread 0x0000016bb6ea66e0 Unloading class 0x0000016bb8218c00 'jdk/internal/reflect/GeneratedSerializationConstructorAccessor25'
Event: 10800.048 Thread 0x0000016bb6ea66e0 Unloading class 0x0000016bb8211800 'jdk/internal/reflect/GeneratedSerializationConstructorAccessor24'
Event: 10800.048 Thread 0x0000016bb6ea66e0 Unloading class 0x0000016bb8210800 'jdk/internal/reflect/GeneratedSerializationConstructorAccessor23'

Classes redefined (0 events):
No events

Internal exceptions (20 events):
Event: 0.820 Thread 0x0000016bf85787c0 Exception <a 'java/lang/NoSuchMethodError'{0x0000000086e36670}: 'int java.lang.invoke.DirectMethodHandle$Holder.invokeSpecial(java.lang.Object, java.lang.Object, java.lang.Object, int)'> (0x0000000086e36670) 
thrown [s\src\hotspot\share\interpreter\linkResolver.cpp, line 784]
Event: 0.820 Thread 0x0000016bf85787c0 Exception <a 'java/lang/NoSuchMethodError'{0x0000000086e48b68}: 'java.lang.Object java.lang.invoke.DirectMethodHandle$Holder.invokeStatic(java.lang.Object, java.lang.Object, java.lang.Object, java.lang.Object, int)'> (0x0000000086e48b68) 
thrown [s\src\hotspot\share\interpreter\linkResolver.cpp, line 784]
Event: 0.827 Thread 0x0000016bf85787c0 Exception <a 'java/lang/NoSuchMethodError'{0x0000000086e743a0}: 'void java.lang.invoke.DirectMethodHandle$Holder.invokeInterface(java.lang.Object, java.lang.Object, int)'> (0x0000000086e743a0) 
thrown [s\src\hotspot\share\interpreter\linkResolver.cpp, line 784]
Event: 0.828 Thread 0x0000016bf85787c0 Exception <a 'java/lang/NoSuchMethodError'{0x0000000086e78650}: 'void java.lang.invoke.DelegatingMethodHandle$Holder.reinvoke_L(java.lang.Object, java.lang.Object, int)'> (0x0000000086e78650) 
thrown [s\src\hotspot\share\interpreter\linkResolver.cpp, line 784]
Event: 0.854 Thread 0x0000016bf85787c0 Exception <a 'java/lang/NoSuchMethodError'{0x0000000086d08f58}: 'void java.lang.invoke.DirectMethodHandle$Holder.invokeInterface(java.lang.Object, java.lang.Object)'> (0x0000000086d08f58) 
thrown [s\src\hotspot\share\interpreter\linkResolver.cpp, line 784]
Event: 0.922 Thread 0x0000016bf85787c0 Exception <a 'java/lang/NoSuchMethodError'{0x0000000086c816e0}: 'java.lang.Object java.lang.invoke.DirectMethodHandle$Holder.invokeInterface(java.lang.Object, java.lang.Object, int)'> (0x0000000086c816e0) 
thrown [s\src\hotspot\share\interpreter\linkResolver.cpp, line 784]
Event: 0.959 Thread 0x0000016bf85787c0 Exception <a 'java/lang/NoSuchMethodError'{0x0000000086b52f38}: 'int java.lang.invoke.DirectMethodHandle$Holder.invokeInterface(java.lang.Object, java.lang.Object, int, int)'> (0x0000000086b52f38) 
thrown [s\src\hotspot\share\interpreter\linkResolver.cpp, line 784]
Event: 0.960 Thread 0x0000016bf85787c0 Exception <a 'java/lang/NoSuchMethodError'{0x0000000086b59f18}: 'int java.lang.invoke.DelegatingMethodHandle$Holder.reinvoke_L(java.lang.Object, java.lang.Object, int, int)'> (0x0000000086b59f18) 
thrown [s\src\hotspot\share\interpreter\linkResolver.cpp, line 784]
Event: 0.961 Thread 0x0000016bf85787c0 Exception <a 'java/lang/NoSuchMethodError'{0x0000000086b70a90}: static Lcom/intellij/database/remote/jdbc/RemoteResultSet$DataRetrievingOptions;.<clinit>()V> (0x0000000086b70a90) 
thrown [s\src\hotspot\share\prims\jni.cpp, line 1139]
Event: 0.991 Thread 0x0000016bf85787c0 Exception <a 'java/lang/NoSuchMethodError'{0x0000000086ad82a8}: static [Ljava/lang/Object;.<clinit>()V> (0x0000000086ad82a8) 
thrown [s\src\hotspot\share\prims\jni.cpp, line 1139]
Event: 0.993 Thread 0x0000016bf85787c0 Exception <a 'java/lang/NoSuchMethodError'{0x0000000086af6768}: static Lcom/intellij/database/remote/jdbc/impl/UnparsedValue;.<clinit>()V> (0x0000000086af6768) 
thrown [s\src\hotspot\share\prims\jni.cpp, line 1139]
Event: 8.977 Thread 0x0000016bf85787c0 Implicit null exception at 0x0000016ba9957d4d to 0x0000016ba99581f8
Event: 300.420 Thread 0x0000016bf8578e50 Implicit null exception at 0x0000016ba996dc6b to 0x0000016ba996dd10
Event: 300.420 Thread 0x0000016bf8578e50 Implicit null exception at 0x0000016ba996d375 to 0x0000016ba996d434
Event: 16022.304 Thread 0x0000016bf88ceaa0 Implicit null exception at 0x0000016ba9861611 to 0x0000016ba98616f8
Event: 16022.348 Thread 0x0000016bf85787c0 Exception <a 'java/lang/NoSuchMethodError'{0x0000000087971ad8}: 'void java.lang.invoke.DelegatingMethodHandle$Holder.reinvoke_L(java.lang.Object, java.lang.Object, int)'> (0x0000000087971ad8) 
thrown [s\src\hotspot\share\interpreter\linkResolver.cpp, line 784]
Event: 16022.384 Thread 0x0000016bf85787c0 Exception <a 'java/lang/NoSuchMethodError'{0x0000000087719250}: 'int java.lang.invoke.DelegatingMethodHandle$Holder.reinvoke_L(java.lang.Object, java.lang.Object, int, int)'> (0x0000000087719250) 
thrown [s\src\hotspot\share\interpreter\linkResolver.cpp, line 784]
Event: 16022.386 Thread 0x0000016bf85787c0 Exception <a 'java/lang/NoSuchMethodError'{0x000000008772f908}: static Lcom/intellij/database/remote/jdbc/RemoteResultSet$DataRetrievingOptions;.<clinit>()V> (0x000000008772f908) 
thrown [s\src\hotspot\share\prims\jni.cpp, line 1139]
Event: 16022.388 Thread 0x0000016bf85787c0 Exception <a 'java/lang/NoSuchMethodError'{0x00000000877dd028}: static [Ljava/lang/Object;.<clinit>()V> (0x00000000877dd028) 
thrown [s\src\hotspot\share\prims\jni.cpp, line 1139]
Event: 16022.389 Thread 0x0000016bf85787c0 Exception <a 'java/lang/NoSuchMethodError'{0x0000000087613128}: static Lcom/intellij/database/remote/jdbc/impl/UnparsedValue;.<clinit>()V> (0x0000000087613128) 
thrown [s\src\hotspot\share\prims\jni.cpp, line 1139]

ZGC Phase Switch (0 events):
No events

VM Operations (20 events):
Event: 16777.192 Executing VM operation: HandshakeAllThreads (HandshakeForDeflation) done
Event: 16777.192 Executing VM operation: RendezvousGCThreads
Event: 16777.192 Executing VM operation: RendezvousGCThreads done
Event: 16848.882 Executing VM operation: Cleanup
Event: 16848.882 Executing VM operation: Cleanup done
Event: 16897.507 Executing VM operation: HandshakeAllThreads (HandshakeForDeflation)
Event: 16897.507 Executing VM operation: HandshakeAllThreads (HandshakeForDeflation) done
Event: 16897.507 Executing VM operation: RendezvousGCThreads
Event: 16897.507 Executing VM operation: RendezvousGCThreads done
Event: 16912.650 Executing VM operation: Cleanup
Event: 16912.651 Executing VM operation: Cleanup done
Event: 16957.678 Executing VM operation: HandshakeAllThreads (HandshakeForDeflation)
Event: 16957.678 Executing VM operation: HandshakeAllThreads (HandshakeForDeflation) done
Event: 16957.678 Executing VM operation: RendezvousGCThreads
Event: 16957.678 Executing VM operation: RendezvousGCThreads done
Event: 17017.798 Executing VM operation: HandshakeAllThreads (HandshakeForDeflation)
Event: 17017.798 Executing VM operation: HandshakeAllThreads (HandshakeForDeflation) done
Event: 17017.798 Executing VM operation: RendezvousGCThreads
Event: 17017.798 Executing VM operation: RendezvousGCThreads done
Event: 18000.080 Executing VM operation: G1CollectFull (System.gc())

Memory protections (0 events):
No events

Nmethod flushes (20 events):
Event: 14400.072 Thread 0x0000016bb6ea66e0 flushing  nmethod 0x0000016ba227d910
Event: 14400.072 Thread 0x0000016bb6ea66e0 flushing  nmethod 0x0000016ba22a5910
Event: 14400.072 Thread 0x0000016bb6ea66e0 flushing  nmethod 0x0000016ba22a6e10
Event: 14400.072 Thread 0x0000016bb6ea66e0 flushing  nmethod 0x0000016ba22a9010
Event: 14400.072 Thread 0x0000016bb6ea66e0 flushing  nmethod 0x0000016ba22a9510
Event: 14400.072 Thread 0x0000016bb6ea66e0 flushing  nmethod 0x0000016ba2396410
Event: 14400.072 Thread 0x0000016bb6ea66e0 flushing  nmethod 0x0000016ba249e810
Event: 14400.072 Thread 0x0000016bb6ea66e0 flushing  nmethod 0x0000016ba229cf90
Event: 14400.072 Thread 0x0000016bb6ea66e0 flushing  nmethod 0x0000016ba229e610
Event: 14400.072 Thread 0x0000016bb6ea66e0 flushing  nmethod 0x0000016ba22a2e10
Event: 14400.072 Thread 0x0000016bb6ea66e0 flushing  nmethod 0x0000016ba22a4910
Event: 14400.072 Thread 0x0000016bb6ea66e0 flushing  nmethod 0x0000016ba22ea190
Event: 14400.072 Thread 0x0000016bb6ea66e0 flushing  nmethod 0x0000016ba22ec090
Event: 14400.072 Thread 0x0000016bb6ea66e0 flushing  nmethod 0x0000016ba1deed10
Event: 14400.072 Thread 0x0000016bb6ea66e0 flushing  nmethod 0x0000016ba1f7ad10
Event: 14400.072 Thread 0x0000016bb6ea66e0 flushing  nmethod 0x0000016ba225da10
Event: 14400.072 Thread 0x0000016bb6ea66e0 flushing  nmethod 0x0000016ba2264e90
Event: 14400.072 Thread 0x0000016bb6ea66e0 flushing  nmethod 0x0000016ba2265910
Event: 14400.072 Thread 0x0000016bb6ea66e0 flushing  nmethod 0x0000016ba2267410
Event: 14400.072 Thread 0x0000016bb6ea66e0 flushing  nmethod 0x0000016ba23a9490

Events (20 events):
Event: 16975.782 Thread 0x0000016bf85787c0 Thread added: 0x0000016bf87ce510
Event: 16975.782 Thread 0x0000016bf87cd7f0 Thread exited: 0x0000016bf87cd7f0
Event: 16975.782 Thread 0x0000016bf85787c0 Thread added: 0x0000016bf87cf8c0
Event: 16975.782 Thread 0x0000016bf85787c0 Thread added: 0x0000016bf87d05e0
Event: 16975.782 Thread 0x0000016bf87cff50 Thread exited: 0x0000016bf87cff50
Event: 16975.782 Thread 0x0000016bf85787c0 Thread added: 0x0000016bf87cff50
Event: 16975.782 Thread 0x0000016bf87ce510 Thread exited: 0x0000016bf87ce510
Event: 16975.782 Thread 0x0000016bf85787c0 Thread added: 0x0000016bf87cd7f0
Event: 16975.782 Thread 0x0000016bf87cf8c0 Thread exited: 0x0000016bf87cf8c0
Event: 16975.782 Thread 0x0000016bf85787c0 Thread added: 0x0000016bf87d1990
Event: 16975.782 Thread 0x0000016bf85787c0 Thread added: 0x0000016bf87ce510
Event: 16975.782 Thread 0x0000016bf87ceba0 Thread exited: 0x0000016bf87ceba0
Event: 16975.782 Thread 0x0000016bf87cff50 Thread exited: 0x0000016bf87cff50
Event: 16975.782 Thread 0x0000016bf87d05e0 Thread exited: 0x0000016bf87d05e0
Event: 16975.782 Thread 0x0000016bf87d1990 Thread exited: 0x0000016bf87d1990
Event: 16975.782 Thread 0x0000016bf87cde80 Thread exited: 0x0000016bf87cde80
Event: 16975.782 Thread 0x0000016bf87d0c70 Thread exited: 0x0000016bf87d0c70
Event: 16975.782 Thread 0x0000016bf87d1300 Thread exited: 0x0000016bf87d1300
Event: 16975.782 Thread 0x0000016bf87cd7f0 Thread exited: 0x0000016bf87cd7f0
Event: 16975.782 Thread 0x0000016bf87ce510 Thread exited: 0x0000016bf87ce510


Dynamic libraries:
0x00007ff66ab50000 - 0x00007ff66ab5a000 	D:\PhpStorm 2025.1.2\jbr\bin\java.exe
0x00007ff9e3340000 - 0x00007ff9e35a9000 	C:\WINDOWS\SYSTEM32\ntdll.dll
0x00007ff9e1140000 - 0x00007ff9e1209000 	C:\WINDOWS\System32\KERNEL32.DLL
0x00007ff9e09b0000 - 0x00007ff9e0da3000 	C:\WINDOWS\System32\KERNELBASE.dll
0x00007ff9e0e60000 - 0x00007ff9e0fab000 	C:\WINDOWS\System32\ucrtbase.dll
0x00007ff9ccb00000 - 0x00007ff9ccb1b000 	D:\PhpStorm 2025.1.2\jbr\bin\VCRUNTIME140.dll
0x00007ff9dd020000 - 0x00007ff9dd038000 	D:\PhpStorm 2025.1.2\jbr\bin\jli.dll
0x00007ff9e2f80000 - 0x00007ff9e3144000 	C:\WINDOWS\System32\USER32.dll
0x00007ff9ced50000 - 0x00007ff9cefe3000 	C:\WINDOWS\WinSxS\amd64_microsoft.windows.common-controls_6595b64144ccf1df_6.0.26100.5074_none_3e0d6f78e32fd63f\COMCTL32.dll
0x00007ff9e04d0000 - 0x00007ff9e04f7000 	C:\WINDOWS\System32\win32u.dll
0x00007ff9e2b10000 - 0x00007ff9e2bb9000 	C:\WINDOWS\System32\msvcrt.dll
0x00007ff9e1110000 - 0x00007ff9e113b000 	C:\WINDOWS\System32\GDI32.dll
0x00007ff9e07f0000 - 0x00007ff9e091d000 	C:\WINDOWS\System32\gdi32full.dll
0x00007ff9e0db0000 - 0x00007ff9e0e53000 	C:\WINDOWS\System32\msvcp_win.dll
0x00007ff9e2bc0000 - 0x00007ff9e2bef000 	C:\WINDOWS\System32\IMM32.DLL
0x00007ff9d23e0000 - 0x00007ff9d23ec000 	D:\PhpStorm 2025.1.2\jbr\bin\vcruntime140_1.dll
0x00007ff9cf2b0000 - 0x00007ff9cf33d000 	D:\PhpStorm 2025.1.2\jbr\bin\msvcp140.dll
0x00007ff9a4ad0000 - 0x00007ff9a5891000 	D:\PhpStorm 2025.1.2\jbr\bin\server\jvm.dll
0x00007ff9e2a40000 - 0x00007ff9e2af4000 	C:\WINDOWS\System32\ADVAPI32.dll
0x00007ff9e3250000 - 0x00007ff9e32f6000 	C:\WINDOWS\System32\sechost.dll
0x00007ff9e2700000 - 0x00007ff9e2818000 	C:\WINDOWS\System32\RPCRT4.dll
0x00007ff9e1210000 - 0x00007ff9e1284000 	C:\WINDOWS\System32\WS2_32.dll
0x00007ff9e0330000 - 0x00007ff9e038e000 	C:\WINDOWS\SYSTEM32\POWRPROF.dll
0x00007ff9d2e90000 - 0x00007ff9d2ec5000 	C:\WINDOWS\SYSTEM32\WINMM.dll
0x00007ff9d7690000 - 0x00007ff9d769b000 	C:\WINDOWS\SYSTEM32\VERSION.dll
0x00007ff9e0310000 - 0x00007ff9e0324000 	C:\WINDOWS\SYSTEM32\UMPDC.dll
0x00007ff9df270000 - 0x00007ff9df28b000 	C:\WINDOWS\SYSTEM32\kernel.appcore.dll
0x00007ff9ccbd0000 - 0x00007ff9ccbda000 	D:\PhpStorm 2025.1.2\jbr\bin\jimage.dll
0x00007ff9d7c80000 - 0x00007ff9d7ec2000 	C:\WINDOWS\SYSTEM32\DBGHELP.DLL
0x00007ff9e2c00000 - 0x00007ff9e2f7b000 	C:\WINDOWS\System32\combase.dll
0x00007ff9e1980000 - 0x00007ff9e1a57000 	C:\WINDOWS\System32\OLEAUT32.dll
0x00007ff9be990000 - 0x00007ff9be9cd000 	C:\WINDOWS\SYSTEM32\dbgcore.DLL
0x00007ff9e0fb0000 - 0x00007ff9e1049000 	C:\WINDOWS\System32\bcryptPrimitives.dll
0x00007ff9ba300000 - 0x00007ff9ba320000 	D:\PhpStorm 2025.1.2\jbr\bin\java.dll
0x00007ff9e1fa0000 - 0x00007ff9e26ed000 	C:\WINDOWS\System32\SHELL32.dll
0x00007ff9e0680000 - 0x00007ff9e07ec000 	C:\WINDOWS\System32\wintypes.dll
0x00007ff9ddc90000 - 0x00007ff9de4e9000 	C:\WINDOWS\SYSTEM32\windows.storage.dll
0x00007ff9e3150000 - 0x00007ff9e3240000 	C:\WINDOWS\System32\SHCORE.dll
0x00007ff9e1d10000 - 0x00007ff9e1d72000 	C:\WINDOWS\System32\shlwapi.dll
0x00007ff9e03c0000 - 0x00007ff9e03e9000 	C:\WINDOWS\SYSTEM32\profapi.dll
0x00007ff9ba2e0000 - 0x00007ff9ba2f8000 	D:\PhpStorm 2025.1.2\jbr\bin\zip.dll
0x00007ff9c9740000 - 0x00007ff9c9750000 	D:\PhpStorm 2025.1.2\jbr\bin\net.dll
0x00007ff9d9c70000 - 0x00007ff9d9d8f000 	C:\WINDOWS\SYSTEM32\WINHTTP.dll
0x00007ff9df7d0000 - 0x00007ff9df83b000 	C:\WINDOWS\system32\mswsock.dll
0x00007ff9ba2c0000 - 0x00007ff9ba2d6000 	D:\PhpStorm 2025.1.2\jbr\bin\nio.dll
0x00007ff9de7f0000 - 0x00007ff9de824000 	C:\WINDOWS\SYSTEM32\IPHLPAPI.DLL
0x00007ff9e1ca0000 - 0x00007ff9e1caa000 	C:\WINDOWS\System32\NSI.dll
0x00007ff9dfba0000 - 0x00007ff9dfbbb000 	C:\WINDOWS\SYSTEM32\CRYPTSP.dll
0x00007ff9d9650000 - 0x00007ff9d9667000 	C:\Program Files\Common Files\Crypto Pro\AppCompat\cpadvai.dll
0x00007ff9df1d0000 - 0x00007ff9df20b000 	C:\WINDOWS\system32\rsaenh.dll
0x00007ff9df870000 - 0x00007ff9df89b000 	C:\WINDOWS\SYSTEM32\USERENV.dll
0x00007ff9e03f0000 - 0x00007ff9e0416000 	C:\WINDOWS\SYSTEM32\bcrypt.dll
0x00007ff9dfa00000 - 0x00007ff9dfa0c000 	C:\WINDOWS\SYSTEM32\CRYPTBASE.dll
0x00007ff9bfe80000 - 0x00007ff9bfe89000 	D:\PhpStorm 2025.1.2\jbr\bin\extnet.dll
0x00007ff9dd010000 - 0x00007ff9dd017000 	D:\PhpStorm 2025.1.2\jbr\bin\rmi.dll
0x00007ff9de830000 - 0x00007ff9de956000 	C:\WINDOWS\SYSTEM32\DNSAPI.dll
0x00007ff9d7ff0000 - 0x00007ff9d7ffb000 	C:\Windows\System32\rasadhlp.dll
0x00007ff9d96d0000 - 0x00007ff9d9756000 	C:\WINDOWS\System32\fwpuclnt.dll
0x00007ff9c1940000 - 0x00007ff9c194e000 	D:\PhpStorm 2025.1.2\jbr\bin\sunmscapi.dll
0x00007ff9e0500000 - 0x00007ff9e0677000 	C:\WINDOWS\System32\CRYPT32.dll
0x00007ff9dfcd0000 - 0x00007ff9dfd00000 	C:\WINDOWS\SYSTEM32\ncrypt.dll
0x00007ff9dd2e0000 - 0x00007ff9dd301000 	C:\Program Files\Common Files\Crypto Pro\AppCompat\cpcrypt.dll
0x00007ff9dfc80000 - 0x00007ff9dfcbf000 	C:\WINDOWS\SYSTEM32\NTASN1.dll

dbghelp: loaded successfully - version: 4.0.5 - missing functions: none
symbol engine: initialized successfully - sym options: 0x614 - pdb path: .;D:\PhpStorm 2025.1.2\jbr\bin;C:\WINDOWS\SYSTEM32;C:\WINDOWS\WinSxS\amd64_microsoft.windows.common-controls_6595b64144ccf1df_6.0.26100.5074_none_3e0d6f78e32fd63f;D:\PhpStorm 2025.1.2\jbr\bin\server;C:\Program Files\Common Files\Crypto Pro\AppCompat

VM Arguments:
jvm_args: -Djava.rmi.server.hostname=127.0.0.1 -Duser.timezone=UTC -Xmx2048m -Xms128m -Djdbc.classpath=C:\Users\forem\AppData\Local\Temp\RemoteDriver.classpath.txt --add-exports=java.desktop/sun.awt=ALL-UNNAMED --add-exports=java.desktop/java.awt.peer=ALL-UNNAMED --add-opens=java.desktop/java.awt=ALL-UNNAMED --add-opens=jdk.unsupported/sun.misc=ALL-UNNAMED --add-opens=java.base/java.nio=ALL-UNNAMED --add-opens=java.base/java.util=ALL-UNNAMED -Dfile.encoding=UTF-8 -Dsun.stdout.encoding=UTF-8 -Dsun.stderr.encoding=UTF-8 
java_command: com.intellij.database.remote.RemoteJdbcServer com.mysql.cj.jdbc.Driver
java_class_path (initial): D:\PhpStorm 2025.1.2\lib\util_rt.jar;D:\PhpStorm 2025.1.2\lib\util-8.jar;D:\PhpStorm 2025.1.2\lib\groovy.jar;D:\PhpStorm 2025.1.2\plugins\DatabaseTools\lib\jdbc-console.jar;D:\PhpStorm 2025.1.2\lib\modules\intellij.grid.types.jar;D:\PhpStorm 2025.1.2\lib\util.jar;D:\PhpStorm 2025.1.2\lib\bouncy-castle.jar
Launcher Type: SUN_STANDARD

[Global flags]
     intx CICompilerCount                          = 4                                         {product} {ergonomic}
     uint ConcGCThreads                            = 3                                         {product} {ergonomic}
     uint G1ConcRefinementThreads                  = 10                                        {product} {ergonomic}
   size_t G1HeapRegionSize                         = 1048576                                   {product} {ergonomic}
    uintx GCDrainStackTargetSize                   = 64                                        {product} {ergonomic}
   size_t InitialHeapSize                          = 134217728                                 {product} {command line}
   size_t MarkStackSize                            = 4194304                                   {product} {ergonomic}
   size_t MaxHeapSize                              = 2147483648                                {product} {command line}
   size_t MaxNewSize                               = 1287651328                                {product} {ergonomic}
   size_t MinHeapDeltaBytes                        = 1048576                                   {product} {ergonomic}
   size_t MinHeapSize                              = 134217728                                 {product} {command line}
    uintx NonNMethodCodeHeapSize                   = 5839372                                {pd product} {ergonomic}
    uintx NonProfiledCodeHeapSize                  = 122909434                              {pd product} {ergonomic}
    uintx ProfiledCodeHeapSize                     = 122909434                              {pd product} {ergonomic}
    uintx ReservedCodeCacheSize                    = 251658240                              {pd product} {ergonomic}
     bool SegmentedCodeCache                       = true                                      {product} {ergonomic}
   size_t SoftMaxHeapSize                          = 2147483648                             {manageable} {ergonomic}
     bool UseCompressedOops                        = true                           {product lp64_product} {ergonomic}
     bool UseG1GC                                  = true                                      {product} {ergonomic}
     bool UseLargePagesIndividualAllocation        = false                                  {pd product} {ergonomic}

Logging:
Log output configuration:
 #0: stdout all=warning uptime,level,tags foldmultilines=false
 #1: stderr all=off uptime,level,tags foldmultilines=false

Environment Variables:
PATH=C:\Program Files (x86)\Common Files\Oracle\Java\javapath;C:\WINDOWS\system32;C:\WINDOWS;C:\WINDOWS\System32\Wbem;C:\WINDOWS\System32\WindowsPowerShell\v1.0\;C:\WINDOWS\System32\OpenSSH\;C:\Program Files\dotnet\;F:\;C:\xampp\php;C:\ProgramData\ComposerSetup\bin;C:\Program Files\Cloudflare\Cloudflare WARP\;C:\Program Files\Docker\Docker\resources\bin;D:\OSPanel\bin;C:\Users\forem\AppData\Local\Microsoft\WindowsApps;C:\Users\forem\AppData\Roaming\npm;C:\Users\forem\AppData\Roaming\Composer\vendor\bin;D:\Microsoft VS Code\bin
USERNAME=forem
OS=Windows_NT
PROCESSOR_IDENTIFIER=AMD64 Family 25 Model 33 Stepping 2, AuthenticAMD
TMP=C:\Users\forem\AppData\Local\Temp
TEMP=C:\Users\forem\AppData\Local\Temp




Periodic native trim disabled

JNI global refs:
JNI global refs: 18, weak refs: 0

JNI global refs memory usage: 835, weak refs: 201

Process memory usage:
Resident Set Size: 163016K (0% of 33477536K total physical memory with 2471164K free physical memory)

OOME stack traces (most recent first):
Classloader memory used:
Loader bootstrap                                                                       : 11679K
Loader jdk.internal.loader.ClassLoaders$AppClassLoader                                 : 3093K
Loader com.intellij.database.remote.jdbc.impl.JdbcClassLoader$JdbcClassLoaderImpl      : 2890K
Loader jdk.internal.loader.ClassLoaders$PlatformClassLoader                            : 826K
Loader jdk.internal.reflect.DelegatingClassLoader                                      : 99480B
Loader com.intellij.database.remote.jdbc.impl.JdbcClassLoader$1                        : 6920B

---------------  S Y S T E M  ---------------

OS:
 Windows 11 , 64 bit Build 26100 (10.0.26100.5074)
OS uptime: 0 days 5:48 hours
Hyper-V role detected

CPU: total 12 (initial active 12) (12 cores per cpu, 2 threads per core) family 25 model 33 stepping 2 microcode 0xa20120a, cx8, cmov, fxsr, ht, mmx, 3dnowpref, sse, sse2, sse3, ssse3, sse4a, sse4.1, sse4.2, popcnt, lzcnt, tsc, tscinvbit, avx, avx2, aes, clmul, bmi1, bmi2, adx, sha, fma, vzeroupper, clflush, clflushopt, hv, rdtscp, rdpid, f16c, cet_ss
Processor Information for the first 12 processors :
  Max Mhz: 3501, Current Mhz: 3501, Mhz Limit: 3501

Memory: 4k page, system-wide physical 32692M (2413M free)
TotalPageFile size 49292M (AvailPageFile size 110M)
current process WorkingSet (physical memory assigned to process): 159M, peak: 179M
current process commit charge ("private bytes"): 249M, peak: 278M

vm_info: OpenJDK 64-Bit Server VM (21.0.7+9-b895.130) for windows-amd64 JRE (21.0.7+9-b895.130), built on 2025-05-13 by "builduser" with MS VC++ 16.10 / 16.11 (VS2019)

END.
